<?xml version="1.0" encoding="UTF-8"?>
<!-- Generated by org.testng.reporters.JUnitReportReporter -->
<testsuite skipped="0" hostname="Lenovo-PC" name="page.test.TestBase" tests="1" failures="0" timestamp="2019-12-26T12:56:22 CET" time="6.898" errors="0">
  <testcase name="iniklasa" time="6.898" classname="page.test.TestBase"/>
</testsuite> <!-- page.test.TestBase -->
