<?xml version="1.0" encoding="UTF-8"?>
<!-- Generated by org.testng.reporters.JUnitReportReporter -->
<testsuite skipped="0" hostname="Lenovo-PC" name="page.test.TestL" tests="1" failures="0" timestamp="2019-12-26T13:14:10 CET" time="0.031" errors="0">
  <testcase name="testAdd" time="0.031" classname="page.test.TestL"/>
</testsuite> <!-- page.test.TestL -->
